[debug] [2026-03-01T15:54:37.510Z] ----------------------------------------------------------------------
[debug] [2026-03-01T15:54:37.512Z] Command:       /usr/bin/node /usr/local/bin/firebase init
[debug] [2026-03-01T15:54:37.512Z] CLI Version:   15.2.1
[debug] [2026-03-01T15:54:37.512Z] Platform:      linux
[debug] [2026-03-01T15:54:37.512Z] Node Version:  v20.18.1
[debug] [2026-03-01T15:54:37.512Z] Time:          Sun Mar 01 2026 07:54:37 GMT-0800 (Pacific Standard Time)
[debug] [2026-03-01T15:54:37.512Z] ----------------------------------------------------------------------
[debug] 
[debug] [2026-03-01T15:54:37.514Z] >>> [apiv2][query] GET https://firebase-public.firebaseio.com/cli.json [none]
[info] 
     ######## #### ########  ######## ########     ###     ######  ########
     ##        ##  ##     ## ##       ##     ##  ##   ##  ##       ##
     ######    ##  ########  ######   ########  #########  ######  ######
     ##        ##  ##    ##  ##       ##     ## ##     ##       ## ##
     ##       #### ##     ## ######## ########  ##     ##  ######  ########

You're about to initialize a Firebase project in this directory:

  /home/alex/Documents/Projects/chat

[debug] [2026-03-01T15:54:39.166Z] <<< [apiv2][status] GET https://firebase-public.firebaseio.com/cli.json 200
[debug] [2026-03-01T15:54:39.167Z] <<< [apiv2][body] GET https://firebase-public.firebaseio.com/cli.json {"cloudBuildErrorAfter":1594252800000,"cloudBuildWarnAfter":1590019200000,"defaultNode10After":1594252800000,"minVersion":"3.0.5","node8DeploysDisabledAfter":1613390400000,"node8RuntimeDisabledAfter":1615809600000,"node8WarnAfter":1600128000000}
[info] 
=== Project Setup
[info] 
[info] First, let's associate this project directory with a Firebase project.
[info] You can create multiple project aliases by running firebase use --add, 
[info] 
[debug] [2026-03-01T15:54:58.016Z] > command requires scopes: ["email","openid","https://www.googleapis.com/auth/cloudplatformprojects.readonly","https://www.googleapis.com/auth/firebase","https://www.googleapis.com/auth/cloud-platform"]
[debug] [2026-03-01T15:54:58.017Z] > authorizing via signed-in user (alexsitu928@gmail.com)
[debug] [2026-03-01T15:54:58.020Z] Checked if tokens are valid: false, expires at: 1767928648287
[debug] [2026-03-01T15:54:58.020Z] Checked if tokens are valid: false, expires at: 1767928648287
[debug] [2026-03-01T15:54:58.021Z] > refreshing access token with scopes: []
[debug] [2026-03-01T15:54:58.025Z] >>> [apiv2][query] POST https://www.googleapis.com/oauth2/v3/token [none]
[debug] [2026-03-01T15:54:58.025Z] >>> [apiv2][body] POST https://www.googleapis.com/oauth2/v3/token [omitted]
[debug] [2026-03-01T15:54:59.031Z] <<< [apiv2][status] POST https://www.googleapis.com/oauth2/v3/token 200
[debug] [2026-03-01T15:54:59.032Z] <<< [apiv2][body] POST https://www.googleapis.com/oauth2/v3/token [omitted]
[debug] [2026-03-01T15:54:59.050Z] >>> [apiv2][query] GET https://firebase.googleapis.com/v1beta1/projects pageSize=100
[debug] [2026-03-01T15:55:00.247Z] <<< [apiv2][status] GET https://firebase.googleapis.com/v1beta1/projects 200
[debug] [2026-03-01T15:55:00.248Z] <<< [apiv2][body] GET https://firebase.googleapis.com/v1beta1/projects [omitted]
[debug] [2026-03-01T15:55:07.166Z] ExitPromptError: User force closed the prompt with SIGINT
    at Interface.sigint (/usr/local/lib/node_modules/firebase-tools/node_modules/@inquirer/core/dist/commonjs/lib/create-prompt.js:101:37)
    at Interface.emit (node:events:518:28)
    at [_ttyWrite] [as _ttyWrite] (node:internal/readline/interface:1125:18)
    at ReadStream.onkeypress (node:internal/readline/interface:264:20)
    at ReadStream.emit (node:events:530:35)
    at emitKeys (node:internal/readline/utils:371:14)
    at emitKeys.next (<anonymous>)
    at ReadStream.onData (node:internal/readline/emitKeypressEvents:64:36)
    at ReadStream.emit (node:events:518:28)
    at addChunk (node:internal/streams/readable:561:12)
[error] 
[error] Error: An unexpected error has occurred.
